
> pre-paid-health-plan-onboarding-portal-frontend@1.0.0 build
> tsc && vite build

src/App.test.tsx(4,10): error TS2305: Module '"@testing-library/jest-dom"' has no exported member 'axe'.
src/components/auth/LoginForm.tsx(81,9): error TS2322: Type 'Confidence' is not assignable to type 'number'.
src/components/auth/LoginForm.tsx(127,20): error TS2339: Property 'requiresMFA' does not exist on type 'void'.
src/components/auth/MFAVerification.tsx(50,33): error TS2339: Property 'retryCount' does not exist on type '{ user: any; isAuthenticated: any; isLoading: any; requiresMFA: any; mfaType: string; sessionExpiry: any; login: (credentials: LoginRequest) => Promise<void>; logout: () => Promise<...>; verifyMFA: (code: string) => Promise<...>; refreshSession: () => Promise<...>; checkSessionValidity: () => boolean; securityContex...'.
src/components/auth/PasswordReset.tsx(71,48): error TS2339: Property 'checkResetAttempts' does not exist on type '{ login: (credentials: LoginRequest) => Promise<AuthState>; verifyMFA: (mfaCode: string, securityContext: SecurityContext) => Promise<...>; ... 4 more ...; resetPassword: (email: string) => Promise<...>; }'.
src/components/common/DataTable.tsx(18,57): error TS2344: Type 'T' does not satisfy the constraint 'object'.
src/components/common/DatePicker.tsx(214,14): error TS2322: Type '{ id: string; name: string; label: string; value: string; onChange: (value: string) => void; error: string; required: boolean; disabled: boolean; placeholder: string; variant?: "standard"; InputProps?: Partial<...>; ... 284 more ...; hiddenLabel?: boolean; } | { ...; } | { ...; }' is not assignable to type 'IntrinsicAttributes & InputProps'.
  Type '{ id: string; name: string; label: string; value: string; onChange: (value: string) => void; error: string; required: boolean; disabled: boolean; placeholder: string; variant?: "standard"; InputProps?: Partial<...>; ... 284 more ...; hiddenLabel?: boolean; }' is not assignable to type 'InputProps'.
    Types of property 'type' are incompatible.
      Type 'HTMLInputTypeAttribute' is not assignable to type '"number" | "email" | "text" | "password" | "tel"'.
        Type '"hidden"' is not assignable to type '"number" | "email" | "text" | "password" | "tel"'.
src/components/common/ErrorBoundary.tsx(18,3): error TS1117: An object literal cannot have multiple properties with the same name.
src/components/common/ErrorBoundary.tsx(135,13): error TS2322: Type '{ children: string; variant: "h5"; component: string; role: "alert"; "aria-live": "assertive"; }' is not assignable to type 'IntrinsicAttributes & TypographyOwnProps & CommonProps & Omit<Omit<DetailedHTMLProps<HTMLAttributes<HTMLSpanElement>, HTMLSpanElement>, "ref"> & { ...; }, "p" | ... 112 more ... | "variantMapping"> & MUIStyledCommonProps<...>'.
  Property 'component' does not exist on type 'IntrinsicAttributes & TypographyOwnProps & CommonProps & Omit<Omit<DetailedHTMLProps<HTMLAttributes<HTMLSpanElement>, HTMLSpanElement>, "ref"> & { ...; }, "p" | ... 112 more ... | "variantMapping"> & MUIStyledCommonProps<...>'.
src/components/common/Form.tsx(105,14): error TS2739: Type '({ children, validationSchema, initialValues, onSubmit, loading, submitLabel, disabled, className, containsHealthData, formId, locale, a11yConfig, securityConfig }: FormProps) => Element' is missing the following properties from type 'FormComponent': Input, Select, Switch, Number
src/components/common/Form.tsx(176,7): error TS2322: Type 'Record<string, any>' is not assignable to type 'string'.
src/components/common/Form.tsx(176,42): error TS2345: Argument of type 'string' is not assignable to parameter of type 'Record<string, any>'.
src/components/common/Form.tsx(189,58): error TS2554: Expected 1 arguments, but got 2.
src/components/common/Input.tsx(212,10): error TS2769: No overload matches this call.
  Overload 1 of 2, '(props: Props): ReactInputMask', gave the following error.
    Type '{ mask: string; maskChar: null; id: string; name: string; type: "number" | "email" | "text" | "password" | "tel"; value: string; disabled: boolean; placeholder: string; required: boolean; onChange: (event: ChangeEvent<...>) => void; ... 9 more ...; className: string; }' is not assignable to type 'IntrinsicClassAttributes<ReactInputMask>'.
      Types of property 'ref' are incompatible.
        Type 'MutableRefObject<HTMLInputElement>' is not assignable to type 'LegacyRef<ReactInputMask>'.
          Type 'MutableRefObject<HTMLInputElement>' is not assignable to type 'RefObject<ReactInputMask>'.
            Types of property 'current' are incompatible.
              Type 'HTMLInputElement' is missing the following properties from type 'Component<Props, {}, any>': context, setState, forceUpdate, render, and 3 more.
  Overload 2 of 2, '(props: Props, context: any): ReactInputMask', gave the following error.
    Type '{ mask: string; maskChar: null; id: string; name: string; type: "number" | "email" | "text" | "password" | "tel"; value: string; disabled: boolean; placeholder: string; required: boolean; onChange: (event: ChangeEvent<...>) => void; ... 9 more ...; className: string; }' is not assignable to type 'IntrinsicClassAttributes<ReactInputMask>'.
      Types of property 'ref' are incompatible.
        Type 'MutableRefObject<HTMLInputElement>' is not assignable to type 'LegacyRef<ReactInputMask>'.
          Type 'MutableRefObject<HTMLInputElement>' is not assignable to type 'RefObject<ReactInputMask>'.
            Types of property 'current' are incompatible.
              Type 'HTMLInputElement' is missing the following properties from type 'Component<Props, {}, any>': context, setState, forceUpdate, render, and 3 more.
src/components/common/Select.tsx(123,9): error TS2322: Type '(event: React.ChangeEvent<{ value: unknown; }>) => void' is not assignable to type '(event: SelectChangeEvent<string | number>, child: ReactNode) => void'.
  Types of parameters 'event' and 'event' are incompatible.
    Type 'SelectChangeEvent<string | number>' is not assignable to type 'ChangeEvent<{ value: unknown; }>'.
      Type 'Event & { target: { value: string | number; name: string; }; }' is missing the following properties from type 'ChangeEvent<{ value: unknown; }>': nativeEvent, isDefaultPrevented, isPropagationStopped, persist
src/components/common/Table.tsx(90,7): error TS2322: Type 'SortOrder' is not assignable to type '"none" | "other" | "ascending" | "descending"'.
  Type '"desc"' is not assignable to type '"none" | "other" | "ascending" | "descending"'.
src/components/common/Table.tsx(118,19): error TS2345: Argument of type 'T[keyof T]' is not assignable to parameter of type 'keyof T'.
  Type 'T[string] | T[number] | T[symbol]' is not assignable to type 'keyof T'.
    Type 'T[string]' is not assignable to type 'keyof T'.
      Type 'T[string]' is not assignable to type 'never'.
        Type 'T[keyof T]' is not assignable to type 'never'.
          Type 'T[string] | T[number] | T[symbol]' is not assignable to type 'never'.
            Type 'T[string]' is not assignable to type 'never'.
src/components/common/Table.tsx(130,9): error TS2322: Type 'string | number | boolean | ReactElement<any, string | JSXElementConstructor<any>> | Iterable<ReactNode> | T[keyof T]' is not assignable to type 'ReactI18NextChildren | Iterable<ReactI18NextChildren>'.
  Type 'T[keyof T]' is not assignable to type 'ReactI18NextChildren | Iterable<ReactI18NextChildren>'.
    Type 'T[string] | T[number] | T[symbol]' is not assignable to type 'ReactI18NextChildren | Iterable<ReactI18NextChildren>'.
      Type 'T[string]' is not assignable to type 'ReactI18NextChildren | Iterable<ReactI18NextChildren>'.
        Type 'T[string]' is not assignable to type 'ReactPortal'.
          Type 'T[keyof T]' is not assignable to type 'ReactPortal'.
            Type 'T[string] | T[number] | T[symbol]' is not assignable to type 'ReactPortal'.
              Type 'T[string]' is not assignable to type 'ReactPortal'.
src/components/common/Table.tsx(138,46): error TS2345: Argument of type 'T[keyof T]' is not assignable to parameter of type 'keyof T'.
  Type 'T[string] | T[number] | T[symbol]' is not assignable to type 'keyof T'.
    Type 'T[string]' is not assignable to type 'keyof T'.
      Type 'T[string]' is not assignable to type 'never'.
        Type 'T[keyof T]' is not assignable to type 'never'.
          Type 'T[string] | T[number] | T[symbol]' is not assignable to type 'never'.
            Type 'T[string]' is not assignable to type 'never'.
src/components/common/Table.tsx(141,7): error TS2353: Object literal may only specify known properties, and 'key' does not exist in type 'HTMLAttributes<HTMLTableRowElement>'.
src/components/common/Toast.tsx(193,7): error TS2322: Type '{ vertical: string; horizontal: "left" | "right" | "center"; }' is not assignable to type 'SnackbarOrigin'.
  Types of property 'vertical' are incompatible.
    Type 'string' is not assignable to type '"bottom" | "top"'.
src/components/documents/DocumentList.tsx(67,11): error TS2322: Type 'DocumentStatus' is not assignable to type 'EnrollmentStatus | PolicyStatus'.
src/components/documents/DocumentList.tsx(68,11): error TS2322: Type '"document"' is not assignable to type '"enrollment" | "policy"'.
src/components/documents/DocumentList.tsx(79,7): error TS2322: Type '"actions"' is not assignable to type 'keyof Document'.
src/components/documents/DocumentList.tsx(82,14): error TS2322: Type '{ display: string; gap: string; justifyContent: string; }' is not assignable to type 'string'.
src/components/documents/DocumentList.tsx(142,12): error TS2322: Type '{ padding: string; textAlign: string; color: string; }' is not assignable to type 'string'.
src/components/documents/DocumentUpload.tsx(67,10): error TS2554: Expected 2-3 arguments, but got 4.
src/components/documents/DocumentUpload.tsx(114,9): error TS2322: Type '(file: File) => Promise<void>' is not assignable to type '(document: Document) => void'.
  Types of parameters 'file' and 'document' are incompatible.
    Type 'Document' is missing the following properties from type 'File': lastModified, name, webkitRelativePath, arrayBuffer, and 4 more.
src/components/documents/DocumentUpload.tsx(115,9): error TS2322: Type '(error: Error) => void' is not assignable to type '(error: UploadError) => void'.
  Types of parameters 'error' and 'error' are incompatible.
    Property 'name' is missing in type 'UploadError' but required in type 'Error'.
src/components/documents/DocumentUpload.tsx(117,9): error TS4104: The type 'readonly ["application/pdf", "image/jpeg", "image/png"]' is 'readonly' and cannot be assigned to the mutable type 'string[]'.
src/components/documents/DocumentViewer.tsx(71,11): error TS2339: Property 'getDocumentById' does not exist on type '{ documents: DocumentListResponse; isLoading: boolean; error: Error; uploadDocument: (file: File, type: DocumentType, metadata?: Record<string, string>) => Promise<...>; ... 4 more ...; performanceMetrics: PerformanceMetrics; }'.
src/components/documents/DocumentViewer.tsx(71,28): error TS2339: Property 'useDocumentAccess' does not exist on type '{ documents: DocumentListResponse; isLoading: boolean; error: Error; uploadDocument: (file: File, type: DocumentType, metadata?: Record<string, string>) => Promise<...>; ... 4 more ...; performanceMetrics: PerformanceMetrics; }'.
src/components/documents/DocumentViewer.tsx(71,50): error TS2554: Expected 1 arguments, but got 0.
src/components/documents/DocumentViewer.tsx(178,14): error TS2322: Type '{ color: string; padding: string; textAlign: string; backgroundColor: string; borderRadius: string; }' is not assignable to type 'CSSProperties'.
  Types of property 'textAlign' are incompatible.
    Type 'string' is not assignable to type 'TextAlign'.
src/components/documents/DocumentViewer.tsx(194,9): error TS2322: Type '{ padding: string; display: string; flexDirection: string; alignItems: string; justifyContent: string; minHeight: string; }' is not assignable to type 'CSSProperties'.
  Types of property 'flexDirection' are incompatible.
    Type 'string' is not assignable to type 'FlexDirection'.
src/components/documents/DocumentViewer.tsx(198,16): error TS2322: Type '{ position: string; opacity: string; pointerEvents: string; userSelect: string; }' is not assignable to type 'CSSProperties'.
  Types of property 'pointerEvents' are incompatible.
    Type 'string' is not assignable to type 'PointerEvents'.
src/components/documents/DocumentViewer.tsx(229,9): error TS2322: Type '{ width: string; height: string; maxHeight: string; overflow: string; backgroundColor: string; position: string; }' is not assignable to type 'CSSProperties'.
  Types of property 'position' are incompatible.
    Type 'string' is not assignable to type 'Position'.
src/components/documents/DocumentViewer.tsx(234,14): error TS2322: Type '{ position: string; top: string; right: string; zIndex: string; }' is not assignable to type 'CSSProperties'.
  Types of property 'position' are incompatible.
    Type 'string' is not assignable to type 'Position'.
src/components/enrollment/BeneficiaryForm.tsx(80,65): error TS2345: Argument of type 'string' is not assignable to parameter of type '"AC" | "AL" | "AP" | "AM" | "BA" | "CE" | "DF" | "ES" | "GO" | "MA" | "MT" | "MS" | "MG" | "PA" | "PB" | "PR" | "PE" | "PI" | "RJ" | "RN" | "RS" | "RO" | "RR" | "SC" | "SP" | "SE" | "TO"'.
src/components/enrollment/BeneficiaryForm.tsx(242,9): error TS2322: Type '"date"' is not assignable to type '"number" | "email" | "text" | "password" | "tel"'.
src/components/enrollment/BeneficiaryForm.tsx(288,33): error TS2339: Property 'street' does not exist on type 'boolean'.
src/components/enrollment/BeneficiaryForm.tsx(288,58): error TS2339: Property 'street' does not exist on type 'string'.
src/components/enrollment/BeneficiaryForm.tsx(301,33): error TS2339: Property 'number' does not exist on type 'boolean'.
src/components/enrollment/BeneficiaryForm.tsx(301,58): error TS2339: Property 'number' does not exist on type 'string'.
src/components/enrollment/BeneficiaryForm.tsx(313,33): error TS2339: Property 'complement' does not exist on type 'boolean'.
src/components/enrollment/BeneficiaryForm.tsx(313,62): error TS2339: Property 'complement' does not exist on type 'string'.
src/components/enrollment/BeneficiaryForm.tsx(325,33): error TS2339: Property 'neighborhood' does not exist on type 'boolean'.
src/components/enrollment/BeneficiaryForm.tsx(325,64): error TS2339: Property 'neighborhood' does not exist on type 'string'.
src/components/enrollment/BeneficiaryForm.tsx(338,33): error TS2339: Property 'city' does not exist on type 'boolean'.
src/components/enrollment/BeneficiaryForm.tsx(338,56): error TS2339: Property 'city' does not exist on type 'string'.
src/components/enrollment/BeneficiaryForm.tsx(365,33): error TS2339: Property 'zipCode' does not exist on type 'boolean'.
src/components/enrollment/BeneficiaryForm.tsx(365,59): error TS2339: Property 'zipCode' does not exist on type 'string'.
src/components/enrollment/EnrollmentList.tsx(53,43): error TS2554: Expected 1 arguments, but got 0.
src/components/enrollment/EnrollmentList.tsx(178,9): error TS2322: Type '{ columns: DataTableColumn<EnrollmentSummary>[]; data: EnrollmentSummary[]; loading: boolean; totalItems: number; currentPage: number; ... 7 more ...; ariaLabel: string; }' is not assignable to type 'IntrinsicAttributes & DataTableProps<EnrollmentSummary>'.
  Property 'onRowClick' does not exist on type 'IntrinsicAttributes & DataTableProps<EnrollmentSummary>'.
src/components/enrollment/EnrollmentSummary.tsx(81,7): error TS2322: Type '{ children: Element[]; className: string; role: string; tabIndex: number; onClick: (event: KeyboardEvent<Element> | MouseEvent<Element, MouseEvent>) => void; onKeyDown: any; ariaLabel: string; testId: string; }' is not assignable to type 'IntrinsicAttributes & CardProps'.
  Property 'tabIndex' does not exist on type 'IntrinsicAttributes & CardProps'.
src/components/enrollment/GuardianForm.tsx(84,65): error TS2345: Argument of type 'string' is not assignable to parameter of type '"AC" | "AL" | "AP" | "AM" | "BA" | "CE" | "DF" | "ES" | "GO" | "MA" | "MT" | "MS" | "MG" | "PA" | "PB" | "PR" | "PE" | "PI" | "RJ" | "RN" | "RS" | "RO" | "RR" | "SC" | "SP" | "SE" | "TO"'.
src/components/enrollment/GuardianForm.tsx(171,22): error TS2345: Argument of type '{ cpf?: string; phone?: string; email?: string; address?: { number?: string; state?: string; zipCode?: string; street?: string; complement?: string; neighborhood?: string; city?: string; }; name?: string; rg?: string; dateOfBirth?: Date; relationship?: "PARENT" | "LEGAL_GUARDIAN"; documents?: { ...; }[]; }' is not assignable to parameter of type 'Guardian'.
  Type '{ cpf?: string; phone?: string; email?: string; address?: { number?: string; state?: string; zipCode?: string; street?: string; complement?: string; neighborhood?: string; city?: string; }; name?: string; rg?: string; dateOfBirth?: Date; relationship?: "PARENT" | "LEGAL_GUARDIAN"; documents?: { ...; }[]; }' is missing the following properties from type 'Guardian': id, relationshipToMinor
src/components/enrollment/GuardianForm.tsx(198,8): error TS2739: Type '{ id: string; name: string; label: string; required: true; validationRules: { required: true; minLength: number; maxLength: number; pattern: RegExp; }; "data-testid": string; }' is missing the following properties from type 'InputProps': value, onChange
src/components/enrollment/GuardianForm.tsx(217,9): error TS2322: Type '"cpf"' is not assignable to type 'InputMaskType'.
src/components/enrollment/GuardianForm.tsx(220,11): error TS2322: Type '(cpf: string) => ValidationResult' is not assignable to type '(value: string) => boolean'.
  Type 'ValidationResult' is not assignable to type 'boolean'.
src/components/enrollment/GuardianForm.tsx(225,8): error TS2739: Type '{ id: string; name: string; label: string; required: true; validationRules: { required: true; minLength: number; maxLength: number; }; "data-testid": string; }' is missing the following properties from type 'InputProps': value, onChange
src/components/enrollment/GuardianForm.tsx(242,9): error TS2322: Type '"date"' is not assignable to type '"number" | "email" | "text" | "password" | "tel"'.
src/components/enrollment/GuardianForm.tsx(262,11): error TS2322: Type '(email: string) => ValidationResult' is not assignable to type '(value: string) => boolean'.
  Type 'ValidationResult' is not assignable to type 'boolean'.
src/components/enrollment/GuardianForm.tsx(272,9): error TS2322: Type '"phone"' is not assignable to type 'InputMaskType'.
src/components/enrollment/GuardianForm.tsx(275,11): error TS2322: Type '(phone: string) => ValidationResult' is not assignable to type '(value: string) => boolean'.
  Type 'ValidationResult' is not assignable to type 'boolean'.
src/components/enrollment/GuardianForm.tsx(285,9): error TS2322: Type '"zipcode"' is not assignable to type 'InputMaskType'.
src/components/enrollment/GuardianForm.tsx(288,11): error TS2322: Type '(zipCode: string) => ValidationResult' is not assignable to type '(value: string) => boolean'.
  Type 'ValidationResult' is not assignable to type 'boolean'.
src/components/enrollment/GuardianForm.tsx(301,8): error TS2739: Type '{ id: string; name: string; label: string; required: true; validationRules: { required: true; minLength: number; maxLength: number; }; "data-testid": string; }' is missing the following properties from type 'InputProps': value, onChange
src/components/enrollment/GuardianForm.tsx(314,8): error TS2739: Type '{ id: string; name: string; label: string; required: true; validationRules: { required: true; maxLength: number; }; "data-testid": string; }' is missing the following properties from type 'InputProps': value, onChange
src/components/enrollment/GuardianForm.tsx(326,8): error TS2739: Type '{ id: string; name: string; label: string; validationRules: { maxLength: number; }; "data-testid": string; }' is missing the following properties from type 'InputProps': value, onChange
src/components/enrollment/GuardianForm.tsx(336,8): error TS2739: Type '{ id: string; name: string; label: string; required: true; validationRules: { required: true; minLength: number; maxLength: number; }; "data-testid": string; }' is missing the following properties from type 'InputProps': value, onChange
src/components/enrollment/GuardianForm.tsx(349,8): error TS2739: Type '{ id: string; name: string; label: string; required: true; validationRules: { required: true; minLength: number; maxLength: number; }; "data-testid": string; }' is missing the following properties from type 'InputProps': value, onChange
src/components/enrollment/GuardianForm.tsx(369,11): error TS2353: Object literal may only specify known properties, and 'length' does not exist in type 'ValidationRules'.
src/components/enrollment/GuardianForm.tsx(370,77): error TS2345: Argument of type 'string' is not assignable to parameter of type '"AC" | "AL" | "AP" | "AM" | "BA" | "CE" | "DF" | "ES" | "GO" | "MA" | "MT" | "MS" | "MG" | "PA" | "PB" | "PR" | "PE" | "PI" | "RJ" | "RN" | "RS" | "RO" | "RR" | "SC" | "SP" | "SE" | "TO"'.
src/components/enrollment/GuardianForm.tsx(379,9): error TS2322: Type '"select"' is not assignable to type '"number" | "email" | "text" | "password" | "tel"'.
src/components/health/QuestionnaireProgress.tsx(66,57): error TS2554: Expected 1 arguments, but got 0.
src/components/health/QuestionnaireProgress.tsx(93,11): error TS2322: Type 'string' is not assignable to type 'EnrollmentStatus | PolicyStatus'.
src/components/health/RiskAssessment.tsx(79,38): error TS2339: Property 'error' does not exist on type '{ questionnaire: Questionnaire; currentQuestion: Question; riskAssessment: RiskAssessment; isLoading: boolean; handleQuestionResponse: (response: QuestionResponse) => Promise<...>; completeAssessment: () => Promise<...>; validateResponse: (response: QuestionResponse, question: Question) => boolean; responses: Map<.....'.
src/components/health/RiskAssessment.tsx(138,11): error TS2322: Type 'RiskLevel' is not assignable to type 'EnrollmentStatus | PolicyStatus'.
src/components/payment/PaymentForm.tsx(33,27): error TS2304: Cannot find name 'EncryptedPaymentData'.
src/components/payment/PaymentForm.tsx(61,86): error TS2345: Argument of type '"credit_card"' is not assignable to parameter of type '"PIX" | "CREDIT_CARD" | "BOLETO" | (() => "PIX" | "CREDIT_CARD" | "BOLETO")'.
src/components/payment/PaymentForm.tsx(97,11): error TS2367: This comparison appears to be unintentional because the types '"PIX" | "CREDIT_CARD" | "BOLETO"' and '"credit_card"' have no overlap.
src/components/payment/PaymentForm.tsx(102,18): error TS2367: This comparison appears to be unintentional because the types '"PIX" | "CREDIT_CARD" | "BOLETO"' and '"pix"' have no overlap.
src/components/payment/PaymentForm.tsx(104,18): error TS2367: This comparison appears to be unintentional because the types '"PIX" | "CREDIT_CARD" | "BOLETO"' and '"boleto"' have no overlap.
src/components/payment/PaymentForm.tsx(135,24): error TS2367: This comparison appears to be unintentional because the types '"PIX" | "CREDIT_CARD" | "BOLETO"' and '"pix" | "credit_card" | "boleto"' have no overlap.
src/components/payment/PaymentForm.tsx(136,57): error TS2345: Argument of type '"pix" | "credit_card" | "boleto"' is not assignable to parameter of type '"PIX" | "CREDIT_CARD" | "BOLETO"'.
  Type '"pix"' is not assignable to type '"PIX" | "CREDIT_CARD" | "BOLETO"'. Did you mean '"PIX"'?
src/components/payment/PaymentForm.tsx(179,11): error TS2322: Type '"cpf"' is not assignable to type 'InputMaskType'.
src/components/payment/PaymentForm.tsx(183,10): error TS2367: This comparison appears to be unintentional because the types '"PIX" | "CREDIT_CARD" | "BOLETO"' and '"credit_card"' have no overlap.
src/components/payment/PaymentForm.tsx(185,14): error TS2739: Type '{ id: string; name: string; label: string; type: "text"; required: true; "aria-required": string; }' is missing the following properties from type 'InputProps': value, onChange
src/components/payment/PaymentForm.tsx(193,14): error TS2739: Type '{ id: string; name: string; label: string; type: "text"; required: true; "aria-required": string; }' is missing the following properties from type 'InputProps': value, onChange
src/components/payment/PaymentForm.tsx(202,16): error TS2739: Type '{ id: string; name: string; label: string; type: "text"; required: true; "aria-required": string; }' is missing the following properties from type 'InputProps': value, onChange
src/components/payment/PaymentForm.tsx(210,16): error TS2739: Type '{ id: string; name: string; label: string; type: "text"; required: true; "aria-required": string; }' is missing the following properties from type 'InputProps': value, onChange
src/components/payment/PaymentForm.tsx(222,10): error TS2367: This comparison appears to be unintentional because the types '"PIX" | "CREDIT_CARD" | "BOLETO"' and '"pix"' have no overlap.
src/components/payment/PaymentForm.tsx(223,12): error TS2739: Type '{ id: string; name: string; label: string; type: "text"; required: true; "aria-required": string; }' is missing the following properties from type 'InputProps': value, onChange
src/components/payment/PaymentForm.tsx(233,10): error TS2367: This comparison appears to be unintentional because the types '"PIX" | "CREDIT_CARD" | "BOLETO"' and '"boleto"' have no overlap.
src/components/payment/PaymentForm.tsx(234,12): error TS2739: Type '{ id: string; name: string; label: string; type: "email"; required: true; "aria-required": string; }' is missing the following properties from type 'InputProps': value, onChange
src/components/payment/PaymentSummary.tsx(112,11): error TS2322: Type '({ key: string; header: string; width: string; ariaLabel: string; render?: undefined; } | { key: string; header: string; width: string; render: (row: { amount: number; }) => string; ariaLabel: string; })[]' is not assignable to type 'TableColumn<{ amount: number; }>[]'.
  Type '{ key: string; header: string; width: string; ariaLabel: string; render?: undefined; } | { key: string; header: string; width: string; render: (row: { amount: number; }) => string; ariaLabel: string; }' is not assignable to type 'TableColumn<{ amount: number; }>'.
    Type '{ key: string; header: string; width: string; ariaLabel: string; render?: undefined; }' is not assignable to type 'TableColumn<{ amount: number; }>'.
      Types of property 'key' are incompatible.
        Type 'string' is not assignable to type '"amount"'.
src/components/policy/PolicyDetails.tsx(27,8): error TS2613: Module '"/home/user/onboarding-portal-v3-hrqnmc/src/web/src/services/policy.service"' has no default export. Did you mean to use 'import { PolicyService } from "/home/user/onboarding-portal-v3-hrqnmc/src/web/src/services/policy.service"' instead?
src/components/policy/PolicyDetails.tsx(53,11): error TS2339: Property 'logAccess' does not exist on type '{ logAction: (entry: AuditLogEntry) => void; }'.
src/components/policy/PolicyDetails.tsx(54,11): error TS2339: Property 'hasAccess' does not exist on type '{ hasPermission: (permission: string) => boolean; role: any; canCreate: boolean; canRead: boolean; canUpdate: boolean; canDelete: boolean; canApprove: boolean; }'.
src/components/policy/PolicyDetails.tsx(54,22): error TS2339: Property 'maskSensitiveData' does not exist on type '{ hasPermission: (permission: string) => boolean; role: any; canCreate: boolean; canRead: boolean; canUpdate: boolean; canDelete: boolean; canApprove: boolean; }'.
src/components/policy/PolicyList.tsx(13,8): error TS2613: Module '"/home/user/onboarding-portal-v3-hrqnmc/src/web/src/hooks/useNotification"' has no default export. Did you mean to use 'import { useNotification } from "/home/user/onboarding-portal-v3-hrqnmc/src/web/src/hooks/useNotification"' instead?
src/components/policy/PolicyList.tsx(62,9): error TS2322: Type '({ key: "policyNumber"; header: string; width: string; sortable: true; filterable: true; filterType: "text"; ariaLabel: string; render?: undefined; filterOptions?: undefined; } | { key: "status"; ... 7 more ...; filterOptions?: undefined; } | { ...; } | { ...; } | { ...; })[]' is not assignable to type 'DataTableColumn<Policy>[]'.
  Type '{ key: "policyNumber"; header: string; width: string; sortable: true; filterable: true; filterType: "text"; ariaLabel: string; render?: undefined; filterOptions?: undefined; } | { key: "status"; ... 7 more ...; filterOptions?: undefined; } | { ...; } | { ...; } | { ...; }' is not assignable to type 'DataTableColumn<Policy>'.
    Type '{ key: "coverageDetails.coverageTier"; header: string; width: string; sortable: true; filterable: true; filterType: "select"; filterOptions: { value: PolicyStatus; label: string; }[]; ariaLabel: string; render?: undefined; }' is not assignable to type 'DataTableColumn<Policy>'.
      Types of property 'key' are incompatible.
        Type '"coverageDetails.coverageTier"' is not assignable to type 'keyof Policy'.
src/components/policy/PolicyList.tsx(209,9): error TS2322: Type '{ columns: DataTableColumn<Policy>[]; data: Policy[]; loading: boolean; totalItems: number; pageSize: number; currentPage: number; onPageChange: (page: number) => void; ... 4 more ...; ariaLabel: string; }' is not assignable to type 'IntrinsicAttributes & DataTableProps<Policy>'.
  Property 'onRowClick' does not exist on type 'IntrinsicAttributes & DataTableProps<Policy>'.
src/components/policy/PolicySummary.tsx(78,5): error TS2322: Type 'boolean' is not assignable to type '(event: CloseEvent) => boolean'.
src/components/policy/PolicySummary.tsx(135,11): error TS2322: Type 'string' is not assignable to type 'OverridableStringUnion<"success" | "error" | "warning" | "info" | "default" | "primary" | "secondary", ChipPropsColorOverrides>'.
src/config/api.config.ts(112,5): error TS2353: Object literal may only specify known properties, and 'interceptors' does not exist in type 'AxiosRequestConfig<any>'.
src/config/api.config.ts(121,44): error TS2339: Property 'getActiveContext' does not exist on type 'TraceAPI'.
src/config/api.config.ts(129,44): error TS2339: Property 'getActiveContext' does not exist on type 'TraceAPI'.
src/config/i18n.config.ts(102,13): error TS2769: No overload matches this call.
  Overload 1 of 2, '(callback?: Callback): Promise<TFunction<"translation", undefined>>', gave the following error.
    Argument of type '{ fallbackLng: string; supportedLngs: string[]; defaultNS: string; ns: string[]; debug: boolean; interpolation: { escapeValue: boolean; }; detection: { order: string[]; caches: string[]; lookupLocalStorage: string; checkWhitelist: boolean; }; ... 6 more ...; missingKeyHandler: (lng: string, ns: string, key: string) ...' is not assignable to parameter of type 'Callback'.
      Type '{ fallbackLng: string; supportedLngs: string[]; defaultNS: string; ns: string[]; debug: boolean; interpolation: { escapeValue: boolean; }; detection: { order: string[]; caches: string[]; lookupLocalStorage: string; checkWhitelist: boolean; }; ... 6 more ...; missingKeyHandler: (lng: string, ns: string, key: string) ...' provides no match for the signature '(error: any, t: TFunction<"translation", undefined>): void'.
  Overload 2 of 2, '(options: InitOptions<{ loadPath: string; allowMultiLoading: boolean; reloadInterval: number; timeout: number; queryStringParams: { v: string; }; }>, callback?: Callback): Promise<...>', gave the following error.
    Argument of type '{ fallbackLng: string; supportedLngs: string[]; defaultNS: string; ns: string[]; debug: boolean; interpolation: { escapeValue: boolean; }; detection: { order: string[]; caches: string[]; lookupLocalStorage: string; checkWhitelist: boolean; }; ... 6 more ...; missingKeyHandler: (lng: string, ns: string, key: string) ...' is not assignable to parameter of type 'InitOptions<{ loadPath: string; allowMultiLoading: boolean; reloadInterval: number; timeout: number; queryStringParams: { v: string; }; }>'.
      Types of property 'missingKeyHandler' are incompatible.
        Type '(lng: string, ns: string, key: string) => void' is not assignable to type 'false | ((lngs: readonly string[], ns: string, key: string, fallbackValue: string, updateMissing: boolean, options: any) => void)'.
          Type '(lng: string, ns: string, key: string) => void' is not assignable to type '(lngs: readonly string[], ns: string, key: string, fallbackValue: string, updateMissing: boolean, options: any) => void'.
            Types of parameters 'lng' and 'lngs' are incompatible.
              Type 'readonly string[]' is not assignable to type 'string'.
src/contexts/AuthContext.tsx(182,20): error TS2345: Argument of type '(prev: AuthState) => { error: Error; isAuthenticated: false; isLoading: false; user: User; accessToken: string; refreshToken: string; requiresMFA: boolean; isSessionExpired: boolean; sessionExpiresAt: number; }' is not assignable to parameter of type 'SetStateAction<AuthState>'.
  Type '(prev: AuthState) => { error: Error; isAuthenticated: false; isLoading: false; user: User; accessToken: string; refreshToken: string; requiresMFA: boolean; isSessionExpired: boolean; sessionExpiresAt: number; }' is not assignable to type '(prevState: AuthState) => AuthState'.
    Call signature return types '{ error: Error; isAuthenticated: false; isLoading: false; user: User; accessToken: string; refreshToken: string; requiresMFA: boolean; isSessionExpired: boolean; sessionExpiresAt: number; }' and 'AuthState' are incompatible.
      The types of 'error' are incompatible between these types.
        Type 'Error' is missing the following properties from type 'AuthError': code, timestamp, requestId
src/contexts/AuthContext.tsx(205,20): error TS2345: Argument of type '(prev: AuthState) => { error: Error; requiresMFA: true; user: User; isAuthenticated: boolean; isLoading: boolean; accessToken: string; refreshToken: string; isSessionExpired: boolean; sessionExpiresAt: number; }' is not assignable to parameter of type 'SetStateAction<AuthState>'.
  Type '(prev: AuthState) => { error: Error; requiresMFA: true; user: User; isAuthenticated: boolean; isLoading: boolean; accessToken: string; refreshToken: string; isSessionExpired: boolean; sessionExpiresAt: number; }' is not assignable to type '(prevState: AuthState) => AuthState'.
    Call signature return types '{ error: Error; requiresMFA: true; user: User; isAuthenticated: boolean; isLoading: boolean; accessToken: string; refreshToken: string; isSessionExpired: boolean; sessionExpiresAt: number; }' and 'AuthState' are incompatible.
      The types of 'error' are incompatible between these types.
        Type 'Error' is missing the following properties from type 'AuthError': code, timestamp, requestId
src/contexts/NotificationContext.tsx(45,7): error TS2740: Type '{ severity: "info"; duration: number; position: "top-left" | "top-right" | "bottom-left" | "bottom-right" | "top-center" | "bottom-center"; preserveOnRouteChange: false; preventDuplicates: true; groupSimilar: true; isRTL: false; zIndex: 600; }' is missing the following properties from type 'Required<NotificationConfig>': style, id, tabIndex, role, and 5 more.
src/contexts/ThemeContext.tsx(129,28): error TS2322: Type '{ theme: Theme | { palette: { background: { default: string; paper: string; }; text: { primary: string; secondary: string; }; common: CommonColors; mode: PaletteMode; ... 12 more ...; augmentColor: (options: PaletteAugmentColorOptions) => PaletteColor; }; ... 16 more ...; applyStyles: ApplyStyles<"light" | "dark">; ...' is not assignable to type 'ThemeContextType'.
  Types of property 'theme' are incompatible.
    Type 'Theme | { palette: { background: { default: string; paper: string; }; text: { primary: string; secondary: string; }; common: CommonColors; mode: PaletteMode; ... 12 more ...; augmentColor: (options: PaletteAugmentColorOptions) => PaletteColor; }; ... 16 more ...; applyStyles: ApplyStyles<...>; }' is not assignable to type 'Theme'.
      Type '{ palette: { background: { default: string; paper: string; }; text: { primary: string; secondary: string; }; common: CommonColors; mode: PaletteMode; ... 12 more ...; augmentColor: (options: PaletteAugmentColorOptions) => PaletteColor; }; ... 16 more ...; applyStyles: ApplyStyles<"light" | "dark">; }' is not assignable to type 'Theme'.
        The types of 'palette.text' are incompatible between these types.
          Property 'disabled' is missing in type '{ primary: string; secondary: string; }' but required in type 'TypeText'.
src/hooks/useAuth.ts(10,10): error TS2459: Module '"../contexts/AuthContext"' declares 'AuthContext' locally, but it is not exported.
src/hooks/useAuth.ts(33,5): error TS2339: Property 'user' does not exist on type '{}'.
src/hooks/useAuth.ts(34,5): error TS2339: Property 'isAuthenticated' does not exist on type '{}'.
src/hooks/useAuth.ts(35,5): error TS2339: Property 'isLoading' does not exist on type '{}'.
src/hooks/useAuth.ts(36,5): error TS2339: Property 'requiresMFA' does not exist on type '{}'.
src/hooks/useAuth.ts(37,5): error TS2339: Property 'securityContext' does not exist on type '{}'.
src/hooks/useAuth.ts(38,5): error TS2339: Property 'deviceInfo' does not exist on type '{}'.
src/hooks/useAuth.ts(39,5): error TS2339: Property 'sessionExpiry' does not exist on type '{}'.
src/hooks/useAuth.ts(40,5): error TS2339: Property 'login' does not exist on type '{}'.
src/hooks/useAuth.ts(41,5): error TS2339: Property 'verifyMFA' does not exist on type '{}'.
src/hooks/useAuth.ts(42,5): error TS2339: Property 'logout' does not exist on type '{}'.
src/hooks/useAuth.ts(43,5): error TS2339: Property 'refreshSession' does not exist on type '{}'.
src/hooks/useDocuments.ts(108,28): error TS2339: Property 'startOperation' does not exist on type '{ startMeasure: (measureName: string) => void; endMeasure: (measureName: string) => void; recordMetric: (metricName: string, value: number) => void; }'.
src/hooks/useDocuments.ts(126,28): error TS2339: Property 'endOperation' does not exist on type '{ startMeasure: (measureName: string) => void; endMeasure: (measureName: string) => void; recordMetric: (metricName: string, value: number) => void; }'.
src/hooks/useDocuments.ts(143,26): error TS2339: Property 'startOperation' does not exist on type '{ startMeasure: (measureName: string) => void; endMeasure: (measureName: string) => void; recordMetric: (metricName: string, value: number) => void; }'.
src/hooks/useDocuments.ts(147,28): error TS2339: Property 'endOperation' does not exist on type '{ startMeasure: (measureName: string) => void; endMeasure: (measureName: string) => void; recordMetric: (metricName: string, value: number) => void; }'.
src/hooks/useDocuments.ts(184,68): error TS2339: Property 'PROCESSING' does not exist on type 'typeof DocumentStatus'.
src/hooks/useEnrollment.ts(2,72): error TS2307: Cannot find module 'react-query' or its corresponding type declarations.
src/hooks/useEnrollment.ts(18,3): error TS2724: '"../types/enrollment.types"' has no exported member named 'EnrollmentError'. Did you mean 'Enrollment'?
src/hooks/useEnrollment.ts(41,11): error TS2339: Property 'userRole' does not exist on type '{ user: any; isAuthenticated: any; isLoading: any; requiresMFA: any; mfaType: string; sessionExpiry: any; login: (credentials: LoginRequest) => Promise<void>; logout: () => Promise<...>; verifyMFA: (code: string) => Promise<...>; refreshSession: () => Promise<...>; checkSessionValidity: () => boolean; securityContex...'.
src/hooks/useEnrollment.ts(41,21): error TS2339: Property 'checkPermission' does not exist on type '{ user: any; isAuthenticated: any; isLoading: any; requiresMFA: any; mfaType: string; sessionExpiry: any; login: (credentials: LoginRequest) => Promise<void>; logout: () => Promise<...>; verifyMFA: (code: string) => Promise<...>; refreshSession: () => Promise<...>; checkSessionValidity: () => boolean; securityContex...'.
src/hooks/useEnrollment.ts(201,50): error TS2353: Object literal may only specify known properties, and 'page' does not exist in type 'EnrollmentFilters'.
src/hooks/useNotification.ts(2,34): error TS2459: Module '"../contexts/NotificationContext"' declares 'NotificationConfig' locally, but it is not exported.
src/hooks/usePolicy.ts(38,25): error TS2554: Expected 3 arguments, but got 0.
src/index.tsx(164,54): error TS2339: Property 'hot' does not exist on type 'Module'.
src/index.tsx(165,10): error TS2339: Property 'hot' does not exist on type 'Module'.
src/layouts/AdminLayout.tsx(7,10): error TS2614: Module '"../components/common/Sidebar"' has no exported member 'Sidebar'. Did you mean to use 'import Sidebar from "../components/common/Sidebar"' instead?
src/layouts/AdminLayout.tsx(60,34): error TS2339: Property 'checkRole' does not exist on type 'AuthContextType'.
src/layouts/AdminLayout.tsx(113,11): error TS2322: Type '{ children: string; component: "a"; href: string; tabIndex: number; onClick: (e: MouseEvent<HTMLDivElement, MouseEvent>) => void; }' is not assignable to type 'IntrinsicAttributes & BoxOwnProps<Theme> & Omit<Omit<DetailedHTMLProps<HTMLAttributes<HTMLDivElement>, HTMLDivElement>, "ref"> & { ...; }, keyof BoxOwnProps<...>> & MUIStyledCommonProps<...>'.
  Property 'href' does not exist on type 'IntrinsicAttributes & BoxOwnProps<Theme> & Omit<Omit<DetailedHTMLProps<HTMLAttributes<HTMLDivElement>, HTMLDivElement>, "ref"> & { ...; }, keyof BoxOwnProps<...>> & MUIStyledCommonProps<...>'. Did you mean 'ref'?
src/layouts/AuthLayout.tsx(19,25): error TS2307: Cannot find module '../../contexts/AuthContext' or its corresponding type declarations.
src/layouts/AuthLayout.tsx(20,29): error TS2307: Cannot find module '../../components/auth/MFAVerification' or its corresponding type declarations.
src/layouts/MainLayout.tsx(125,17): error TS2322: Type '{ onMenuClick: () => void; }' is not assignable to type 'IntrinsicAttributes & HeaderProps'.
  Property 'onMenuClick' does not exist on type 'IntrinsicAttributes & HeaderProps'.
src/pages/admin/Dashboard.tsx(3,41): error TS2724: '"@mui/x-charts"' has no exported member named 'ResponsiveContainer'. Did you mean 'ResponsiveChartContainer'?
src/pages/admin/Dashboard.tsx(57,17): error TS2339: Property 'validateAdminRole' does not exist on type '{ user: any; isAuthenticated: any; isLoading: any; requiresMFA: any; mfaType: string; sessionExpiry: any; login: (credentials: LoginRequest) => Promise<void>; logout: () => Promise<...>; verifyMFA: (code: string) => Promise<...>; refreshSession: () => Promise<...>; checkSessionValidity: () => boolean; securityContex...'.
src/pages/admin/Dashboard.tsx(69,41): error TS2339: Property 'getCached' does not exist on type 'ApiService'.
src/pages/admin/Dashboard.tsx(202,14): error TS2304: Cannot find name 'Button'.
src/pages/admin/Dashboard.tsx(204,15): error TS2304: Cannot find name 'Button'.
src/pages/admin/Dashboard.tsx(237,17): error TS2322: Type '{ data: { time: number; peak: number; current: number; }[]; }' is not assignable to type 'IntrinsicAttributes & LineChartProps & RefAttributes<unknown>'.
  Property 'data' does not exist on type 'IntrinsicAttributes & LineChartProps & RefAttributes<unknown>'.
src/pages/admin/Settings.tsx(52,41): error TS2339: Property 'get' does not exist on type 'typeof ApiService'.
src/pages/admin/Settings.tsx(55,24): error TS2339: Property 'auditLog' does not exist on type 'typeof ApiService'.
src/pages/admin/Settings.tsx(71,24): error TS2339: Property 'put' does not exist on type 'typeof ApiService'.
src/pages/admin/Settings.tsx(72,24): error TS2339: Property 'auditLog' does not exist on type 'typeof ApiService'.
src/pages/admin/Settings.tsx(124,16): error TS2739: Type '{ name: string; label: string; options: { value: string; label: string; }[]; }' is missing the following properties from type 'SelectProps': value, onChange
src/pages/admin/Settings.tsx(186,16): error TS2739: Type '{ name: string; label: string; options: { value: string; label: string; }[]; }' is missing the following properties from type 'SelectProps': value, onChange
src/pages/admin/SystemLogs.tsx(32,10): error TS2614: Module '"../../components/common/DatePicker"' has no exported member 'DatePicker'. Did you mean to use 'import DatePicker from "../../components/common/DatePicker"' instead?
src/pages/admin/SystemLogs.tsx(362,15): error TS2322: Type '({ id: string; label: string; minWidth: number; format: (value: Date) => string; } | { id: string; label: string; minWidth: number; format?: undefined; } | { id: string; label: string; minWidth: number; format: (value: string) => Element; })[]' is not assignable to type 'DataTableColumn<LogEntry>[]'.
  Type '{ id: string; label: string; minWidth: number; format: (value: Date) => string; } | { id: string; label: string; minWidth: number; format?: undefined; } | { id: string; label: string; minWidth: number; format: (value: string) => Element; }' is not assignable to type 'DataTableColumn<LogEntry>'.
    Type '{ id: string; label: string; minWidth: number; format: (value: Date) => string; }' is missing the following properties from type 'DataTableColumn<LogEntry>': key, header
src/pages/admin/UserManagement.tsx(396,15): error TS2322: Type '({ id: string; label: string; minWidth: number; format?: undefined; } | { id: string; label: string; minWidth: number; format: (value: string) => string; } | { id: string; label: string; minWidth: number; format: (_value: any, row: User) => Element; })[]' is not assignable to type 'DataTableColumn<User>[]'.
  Type '{ id: string; label: string; minWidth: number; format?: undefined; } | { id: string; label: string; minWidth: number; format: (value: string) => string; } | { id: string; label: string; minWidth: number; format: (_value: any, row: User) => Element; }' is not assignable to type 'DataTableColumn<User>'.
    Type '{ id: string; label: string; minWidth: number; format?: undefined; }' is missing the following properties from type 'DataTableColumn<User>': key, header
src/pages/admin/UserManagement.tsx(412,9): error TS2322: Type '{ children: Element; open: boolean; onClose: () => void; title: string; maxWidth: string; }' is not assignable to type 'IntrinsicAttributes & ModalProps'.
  Property 'open' does not exist on type 'IntrinsicAttributes & ModalProps'.
src/pages/admin/Users.tsx(62,47): error TS2339: Property 'getCurrentUser' does not exist on type '{ login: (credentials: LoginRequest) => Promise<AuthState>; verifyMFA: (mfaCode: string, securityContext: SecurityContext) => Promise<...>; ... 4 more ...; resetPassword: (email: string) => Promise<...>; }'.
src/pages/admin/Users.tsx(63,48): error TS2339: Property 'validateAdminAccess' does not exist on type '{ login: (credentials: LoginRequest) => Promise<AuthState>; verifyMFA: (mfaCode: string, securityContext: SecurityContext) => Promise<...>; ... 4 more ...; resetPassword: (email: string) => Promise<...>; }'.
src/pages/admin/Users.tsx(68,28): error TS2345: Argument of type 'SecurityContext' is not assignable to parameter of type 'SetStateAction<SecurityContext>'.
  Type 'import("/home/user/onboarding-portal-v3-hrqnmc/src/web/src/types/auth.types").SecurityContext' is not assignable to type 'SecurityContext'.
    Types of property 'timestamp' are incompatible.
      Type 'Date' is not assignable to type 'number'.
src/pages/admin/Users.tsx(139,25): error TS2339: Property 'updateUserStatus' does not exist on type '{ login: (credentials: LoginRequest) => Promise<AuthState>; verifyMFA: (mfaCode: string, securityContext: SecurityContext) => Promise<...>; ... 4 more ...; resetPassword: (email: string) => Promise<...>; }'.
src/pages/admin/Users.tsx(189,11): error TS2322: Type '"active" | "inactive" | "suspended" | "pending_verification"' is not assignable to type 'EnrollmentStatus | PolicyStatus'.
  Type '"active"' is not assignable to type 'EnrollmentStatus | PolicyStatus'. Did you mean 'PolicyStatus.ACTIVE'?
src/pages/admin/Users.tsx(234,9): error TS2322: Type '({ key: string; header: string; filterable: boolean; filterType: string; filterOptions?: undefined; render?: undefined; } | { key: string; header: string; filterable: boolean; filterType: string; filterOptions: { ...; }[]; render?: undefined; } | { ...; } | { ...; } | { ...; })[]' is not assignable to type 'DataTableColumn<UserTableData>[]'.
  Type '{ key: string; header: string; filterable: boolean; filterType: string; filterOptions?: undefined; render?: undefined; } | { key: string; header: string; filterable: boolean; filterType: string; filterOptions: { ...; }[]; render?: undefined; } | { ...; } | { ...; } | { ...; }' is not assignable to type 'DataTableColumn<UserTableData>'.
    Type '{ key: string; header: string; filterable: boolean; filterType: string; filterOptions?: undefined; render?: undefined; }' is not assignable to type 'DataTableColumn<UserTableData>'.
      Types of property 'filterType' are incompatible.
        Type 'string' is not assignable to type '"number" | "text" | "status" | "date" | "select"'.
src/pages/auth/Login.tsx(9,10): error TS2614: Module '"../../layouts/AuthLayout"' has no exported member 'AuthLayout'. Did you mean to use 'import AuthLayout from "../../layouts/AuthLayout"' instead?
src/pages/auth/Login.tsx(149,15): error TS2322: Type '{ onSuccess: () => Promise<void>; onMFARequired: () => void; onError: (error: Error) => void; maxAttempts: number; isLoading: boolean; deviceFingerprint: string; }' is not assignable to type 'IntrinsicAttributes & LoginFormProps'.
  Property 'onError' does not exist on type 'IntrinsicAttributes & LoginFormProps'.
src/pages/auth/MFAVerification.tsx(28,10): error TS2614: Module '"../../layouts/AuthLayout"' has no exported member 'AuthLayout'. Did you mean to use 'import AuthLayout from "../../layouts/AuthLayout"' instead?
src/pages/auth/Register.tsx(96,44): error TS2339: Property 'validateDevice' does not exist on type '{ login: (credentials: LoginRequest) => Promise<AuthState>; verifyMFA: (mfaCode: string, securityContext: SecurityContext) => Promise<...>; ... 4 more ...; resetPassword: (email: string) => Promise<...>; }'.
src/pages/auth/Register.tsx(107,25): error TS2339: Property 'register' does not exist on type '{ login: (credentials: LoginRequest) => Promise<AuthState>; verifyMFA: (mfaCode: string, securityContext: SecurityContext) => Promise<...>; ... 4 more ...; resetPassword: (email: string) => Promise<...>; }'.
src/pages/auth/Register.tsx(124,27): error TS2339: Property 'setupMFA' does not exist on type '{ login: (credentials: LoginRequest) => Promise<AuthState>; verifyMFA: (mfaCode: string, securityContext: SecurityContext) => Promise<...>; ... 4 more ...; resetPassword: (email: string) => Promise<...>; }'.
src/pages/auth/Register.tsx(168,13): error TS2322: Type 'string' is not assignable to type 'boolean'.
src/pages/auth/Register.tsx(175,13): error TS2322: Type 'string' is not assignable to type 'boolean'.
src/pages/auth/Register.tsx(185,11): error TS2322: Type 'string' is not assignable to type 'boolean'.
src/pages/auth/Register.tsx(193,11): error TS2322: Type '"cpf"' is not assignable to type 'InputMaskType'.
src/pages/auth/Register.tsx(194,11): error TS2322: Type 'string' is not assignable to type 'boolean'.
src/pages/auth/Register.tsx(202,11): error TS2322: Type '"phone"' is not assignable to type 'InputMaskType'.
src/pages/auth/Register.tsx(203,11): error TS2322: Type 'string' is not assignable to type 'boolean'.
src/pages/auth/Register.tsx(212,11): error TS2322: Type 'string' is not assignable to type 'boolean'.
src/pages/auth/Register.tsx(221,11): error TS2322: Type 'string' is not assignable to type 'boolean'.
src/pages/auth/Register.tsx(225,11): error TS2322: Type '{ id: string; name: string; label: string; required: true; options: { value: UserRole; label: string; }[]; }' is not assignable to type 'IntrinsicAttributes & SelectProps'.
  Property 'id' does not exist on type 'IntrinsicAttributes & SelectProps'.
src/pages/auth/Register.tsx(237,15): error TS2339: Property 'Checkbox' does not exist on type 'FormComponent'.
src/pages/auth/Register.tsx(244,15): error TS2339: Property 'Checkbox' does not exist on type 'FormComponent'.
src/pages/auth/ResetPassword.tsx(26,13): error TS2349: This expression is not callable.
  Type '{ log: (action: string, details?: Record<string, any>) => void; }' has no call signatures.
src/pages/auth/ResetPassword.tsx(58,13): error TS2349: This expression is not callable.
  Type '{ log: (action: string, details?: Record<string, any>) => void; }' has no call signatures.
src/pages/beneficiary/Dashboard.tsx(27,5): error TS2339: Property 'refetch' does not exist on type '{ enrollment: any; isLoading: any; error: any; createNewEnrollment: (beneficiaryData: Beneficiary) => Promise<void>; updateExistingEnrollment: (enrollmentId: string, updateData: Partial<...>) => Promise<...>; ... 4 more ...; retryFailedOperation: () => Promise<...>; }'.
src/pages/beneficiary/Dashboard.tsx(34,5): error TS2339: Property 'progress' does not exist on type '{ questionnaire: Questionnaire; currentQuestion: Question; riskAssessment: RiskAssessment; isLoading: boolean; handleQuestionResponse: (response: QuestionResponse) => Promise<...>; completeAssessment: () => Promise<...>; validateResponse: (response: QuestionResponse, question: Question) => boolean; responses: Map<.....'.
src/pages/beneficiary/Documents.tsx(28,7): error TS2554: Expected 1 arguments, but got 0.
src/pages/beneficiary/Documents.tsx(105,16): error TS2741: Property 'enrollmentId' is missing in type '{ key: DocumentType; documentType: DocumentType; onUploadComplete: (document: Document) => void; onUploadError: (error: Error) => void; className: string; }' but required in type 'DocumentUploadProps'.
src/pages/beneficiary/Documents.tsx(124,12): error TS2741: Property 'enrollmentId' is missing in type '{ onDocumentClick: (document: Document) => void; className: string; }' but required in type 'DocumentListProps'.
src/pages/beneficiary/Documents.tsx(184,38): error TS2339: Property 'BREAKPOINTS' does not exist on type '{ readonly COLORS: { readonly PRIMARY: "#0047AB"; readonly SECONDARY: "#00A86B"; readonly ERROR: "#DC3545"; readonly WARNING: "#FFC107"; readonly SUCCESS: "#28A745"; readonly INFO: "#17A2B8"; readonly BACKGROUND: "#FFFFFF"; readonly TEXT: "#333333"; readonly CONTRAST: { ...; }; }; readonly TYPOGRAPHY: { ...; }; read...'.
src/pages/beneficiary/Health.tsx(53,5): error TS2339: Property 'error' does not exist on type '{ questionnaire: Questionnaire; currentQuestion: Question; riskAssessment: RiskAssessment; isLoading: boolean; handleQuestionResponse: (response: QuestionResponse) => Promise<...>; completeAssessment: () => Promise<...>; validateResponse: (response: QuestionResponse, question: Question) => boolean; responses: Map<.....'.
src/pages/beneficiary/Health.tsx(54,5): error TS2339: Property 'progress' does not exist on type '{ questionnaire: Questionnaire; currentQuestion: Question; riskAssessment: RiskAssessment; isLoading: boolean; handleQuestionResponse: (response: QuestionResponse) => Promise<...>; completeAssessment: () => Promise<...>; validateResponse: (response: QuestionResponse, question: Question) => boolean; responses: Map<.....'.
src/pages/beneficiary/HealthAssessment.tsx(373,23): error TS2322: Type '{ onUpload: (files: File[]) => void; acceptedFormats: string[]; maxSizeMB: number; maxFiles: number; }' is not assignable to type 'IntrinsicAttributes & FileUploadProps'.
  Property 'onUpload' does not exist on type 'IntrinsicAttributes & FileUploadProps'.
src/pages/beneficiary/Profile.tsx(5,36): error TS2307: Cannot find module '@brazilian-utils/data-mask' or its corresponding type declarations.
src/pages/beneficiary/Profile.tsx(77,40): error TS2339: Property 'getCurrentUser' does not exist on type '{ login: (credentials: LoginRequest) => Promise<AuthState>; verifyMFA: (mfaCode: string, securityContext: SecurityContext) => Promise<...>; ... 4 more ...; resetPassword: (email: string) => Promise<...>; }'.
src/pages/beneficiary/Profile.tsx(149,12): error TS2741: Property 'children' is missing in type '{ loading: true; testId: string; }' but required in type 'CardProps'.
src/pages/broker/Dashboard.tsx(4,10): error TS2614: Module '"react-use-websocket"' has no exported member 'useWebSocket'. Did you mean to use 'import useWebSocket from "react-use-websocket"' instead?
src/pages/broker/Dashboard.tsx(13,10): error TS2305: Module '"../../types/enrollment.types"' has no exported member 'DashboardStats'.
src/pages/broker/Dashboard.tsx(13,26): error TS2305: Module '"../../types/enrollment.types"' has no exported member 'FilterOptions'.
src/pages/broker/Enrollments.tsx(30,17): error TS2339: Property 'checkPermission' does not exist on type '{ user: any; isAuthenticated: any; isLoading: any; requiresMFA: any; mfaType: string; sessionExpiry: any; login: (credentials: LoginRequest) => Promise<void>; logout: () => Promise<...>; verifyMFA: (code: string) => Promise<...>; refreshSession: () => Promise<...>; checkSessionValidity: () => boolean; securityContex...'.
src/pages/broker/NewEnrollment.tsx(33,11): error TS2339: Property 'validateBrokerRole' does not exist on type '{ user: any; isAuthenticated: any; isLoading: any; requiresMFA: any; mfaType: string; sessionExpiry: any; login: (credentials: LoginRequest) => Promise<void>; logout: () => Promise<...>; verifyMFA: (code: string) => Promise<...>; refreshSession: () => Promise<...>; checkSessionValidity: () => boolean; securityContex...'.
src/pages/broker/NewEnrollment.tsx(34,43): error TS2339: Property 'enrollmentError' does not exist on type '{ enrollment: any; isLoading: any; error: any; createNewEnrollment: (beneficiaryData: Beneficiary) => Promise<void>; updateExistingEnrollment: (enrollmentId: string, updateData: Partial<...>) => Promise<...>; ... 4 more ...; retryFailedOperation: () => Promise<...>; }'.
src/pages/broker/NewEnrollment.tsx(130,36): error TS2339: Property 'relationship' does not exist on type 'Guardian'.
src/pages/broker/NewEnrollment.tsx(194,36): error TS2339: Property 'logEvent' does not exist on type '{ trackEvent: (eventName: string, properties?: Record<string, any>) => void; trackPageView: (pageName: string, properties?: Record<string, any>) => void; identifyUser: (userId: string, traits?: Record<...>) => void; }'.
src/pages/broker/Reports.tsx(34,29): error TS2554: Expected 1 arguments, but got 0.
src/pages/broker/Reports.tsx(74,10): error TS2552: Cannot find name 'StatusBadge'. Did you mean 'statusbar'?
src/pages/broker/Reports.tsx(107,11): error TS2322: Type 'EnrollmentStatus[]' is not assignable to type 'EnrollmentStatus'.
src/pages/broker/Reports.tsx(135,48): error TS2339: Property 'exportReport' does not exist on type 'EnrollmentService'.
src/pages/error/404.tsx(13,24): error TS2304: Cannot find name 'styled'.
src/pages/error/404.tsx(101,13): error TS2322: Type '{ children: string; onClick: () => void; variant: "primary"; size: "lg"; ariaLabel: string; sx: { marginTop: "32px"; minWidth: string; }; }' is not assignable to type 'IntrinsicAttributes & ButtonProps'.
  Property 'sx' does not exist on type 'IntrinsicAttributes & ButtonProps'.
src/pages/error/500.tsx(23,38): error TS2769: No overload matches this call.
  The last overload gave the following error.
    Argument of type '({ theme }: TypographyOwnProps & CommonProps & Omit<Omit<DetailedHTMLProps<HTMLAttributes<HTMLSpanElement>, HTMLSpanElement>, "ref"> & { ...; }, "p" | ... 112 more ... | "variantMapping"> & MUIStyledCommonProps<...> & { ...; }) => { ...; }' is not assignable to parameter of type 'TemplateStringsArray'.
src/pages/error/500.tsx(34,41): error TS2769: No overload matches this call.
  The last overload gave the following error.
    Argument of type '({ theme }: TypographyOwnProps & CommonProps & Omit<Omit<DetailedHTMLProps<HTMLAttributes<HTMLSpanElement>, HTMLSpanElement>, "ref"> & { ...; }, "p" | ... 112 more ... | "variantMapping"> & MUIStyledCommonProps<...> & { ...; }) => { ...; }' is not assignable to parameter of type 'TemplateStringsArray'.
src/pages/error/500.tsx(45,37): error TS2769: No overload matches this call.
  The last overload gave the following error.
    Argument of type '({ theme }: BoxOwnProps<Theme> & Omit<Omit<DetailedHTMLProps<HTMLAttributes<HTMLDivElement>, HTMLDivElement>, "ref"> & { ...; }, keyof BoxOwnProps<...>> & MUIStyledCommonProps<...> & { ...; }) => { ...; }' is not assignable to parameter of type 'TemplateStringsArray'.
src/pages/error/500.tsx(100,13): error TS2322: Type '"contained"' is not assignable to type '"outline" | "text" | "primary" | "secondary"'.
src/pages/error/500.tsx(103,13): error TS2322: Type '{ xs: true; sm: false; }' is not assignable to type 'boolean'.
src/pages/error/500.tsx(112,13): error TS2820: Type '"outlined"' is not assignable to type '"outline" | "text" | "primary" | "secondary"'. Did you mean '"outline"'?
src/pages/error/500.tsx(115,13): error TS2322: Type '{ xs: true; sm: false; }' is not assignable to type 'boolean'.
src/pages/guardian/DependentManagement.tsx(38,10): error TS2614: Module '"../../components/common/DatePicker"' has no exported member 'DatePicker'. Did you mean to use 'import DatePicker from "../../components/common/DatePicker"' instead?
src/pages/guardian/DependentManagement.tsx(305,17): error TS2322: Type '{ onUpload: (files: any) => void; acceptedFormats: string[]; maxSizeMB: number; maxFiles: number; label: string; }' is not assignable to type 'IntrinsicAttributes & FileUploadProps'.
  Property 'onUpload' does not exist on type 'IntrinsicAttributes & FileUploadProps'.
src/pages/guardian/DependentManagement.tsx(346,17): error TS2322: Type '{ onUpload: (files: any) => void; acceptedFormats: string[]; maxSizeMB: number; maxFiles: number; }' is not assignable to type 'IntrinsicAttributes & FileUploadProps'.
  Property 'onUpload' does not exist on type 'IntrinsicAttributes & FileUploadProps'.
src/pages/guardian/DependentManagement.tsx(366,17): error TS2322: Type '{ onUpload: (files: any) => void; acceptedFormats: string[]; maxSizeMB: number; maxFiles: number; }' is not assignable to type 'IntrinsicAttributes & FileUploadProps'.
  Property 'onUpload' does not exist on type 'IntrinsicAttributes & FileUploadProps'.
src/pages/guardian/DependentManagement.tsx(386,17): error TS2322: Type '{ onUpload: (files: any) => void; acceptedFormats: string[]; maxSizeMB: number; maxFiles: number; }' is not assignable to type 'IntrinsicAttributes & FileUploadProps'.
  Property 'onUpload' does not exist on type 'IntrinsicAttributes & FileUploadProps'.
src/pages/hr/BulkEnrollment.tsx(324,15): error TS2322: Type '{ onUpload: (files: File[]) => Promise<void>; acceptedFormats: string[]; maxSizeMB: number; maxFiles: number; }' is not assignable to type 'IntrinsicAttributes & FileUploadProps'.
  Property 'onUpload' does not exist on type 'IntrinsicAttributes & FileUploadProps'.
src/pages/hr/Dashboard.tsx(79,10): error TS2552: Cannot find name 'StatusBadge'. Did you mean 'statusbar'?
src/pages/hr/Dashboard.tsx(123,64): error TS2345: Argument of type 'DashboardFilters' is not assignable to parameter of type 'EnrollmentFilters'.
  Types of property 'status' are incompatible.
    Type 'EnrollmentStatus[]' is not assignable to type 'EnrollmentStatus'.
src/pages/hr/EmployeeManagement.tsx(410,15): error TS2322: Type '({ id: string; label: string; minWidth: number; format: (_value: any, row: Employee) => Element; } | { id: string; label: string; minWidth: number; format?: undefined; } | { id: string; label: string; minWidth: number; format: (value: number) => string; } | { ...; })[]' is not assignable to type 'DataTableColumn<Employee>[]'.
  Type '{ id: string; label: string; minWidth: number; format: (_value: any, row: Employee) => Element; } | { id: string; label: string; minWidth: number; format?: undefined; } | { id: string; label: string; minWidth: number; format: (value: number) => string; } | { ...; }' is not assignable to type 'DataTableColumn<Employee>'.
    Type '{ id: string; label: string; minWidth: number; format: (_value: any, row: Employee) => Element; }' is missing the following properties from type 'DataTableColumn<Employee>': key, header
src/pages/hr/Employees.tsx(48,43): error TS2554: Expected 1 arguments, but got 0.
src/pages/hr/Employees.tsx(132,7): error TS2322: Type '"actions"' is not assignable to type 'keyof EnrollmentSummary'.
src/pages/hr/Employees.tsx(226,44): error TS2339: Property 'PRIMARY_DARK' does not exist on type '{ readonly PRIMARY: "#0047AB"; readonly SECONDARY: "#00A86B"; readonly ERROR: "#DC3545"; readonly WARNING: "#FFC107"; readonly SUCCESS: "#28A745"; readonly INFO: "#17A2B8"; readonly BACKGROUND: "#FFFFFF"; readonly TEXT: "#333333"; readonly CONTRAST: { ...; }; }'.
src/pages/hr/Employees.tsx(234,36): error TS2339: Property 'BREAKPOINTS' does not exist on type '{ readonly COLORS: { readonly PRIMARY: "#0047AB"; readonly SECONDARY: "#00A86B"; readonly ERROR: "#DC3545"; readonly WARNING: "#FFC107"; readonly SUCCESS: "#28A745"; readonly INFO: "#17A2B8"; readonly BACKGROUND: "#FFFFFF"; readonly TEXT: "#333333"; readonly CONTRAST: { ...; }; }; readonly TYPOGRAPHY: { ...; }; read...'.
src/pages/hr/Reports.tsx(9,10): error TS2305: Module '"../../types/enrollment.types"' has no exported member 'EnrollmentReport'.
src/pages/hr/Reports.tsx(32,29): error TS2554: Expected 1 arguments, but got 0.
src/pages/hr/Reports.tsx(52,18): error TS2339: Property 'error' does not exist on type '{ logAction: (entry: AuditLogEntry) => void; }'.
src/pages/hr/Reports.tsx(85,10): error TS2552: Cannot find name 'StatusBadge'. Did you mean 'statusbar'?
src/pages/hr/Reports.tsx(124,14): error TS2339: Property 'info' does not exist on type '{ logAction: (entry: AuditLogEntry) => void; }'.
src/pages/hr/Reports.tsx(134,14): error TS2339: Property 'info' does not exist on type '{ logAction: (entry: AuditLogEntry) => void; }'.
src/pages/hr/Reports.tsx(140,16): error TS2339: Property 'info' does not exist on type '{ logAction: (entry: AuditLogEntry) => void; }'.
src/pages/hr/Reports.tsx(143,48): error TS2551: Property 'exportEnrollments' does not exist on type 'EnrollmentService'. Did you mean 'getEnrollments'?
src/pages/hr/Reports.tsx(156,16): error TS2339: Property 'info' does not exist on type '{ logAction: (entry: AuditLogEntry) => void; }'.
src/pages/hr/Reports.tsx(158,16): error TS2339: Property 'error' does not exist on type '{ logAction: (entry: AuditLogEntry) => void; }'.
src/pages/underwriter/Dashboard.tsx(250,13): error TS2322: Type '({ key: string; header: string; width: string; sortable: boolean; filterable: boolean; filterType: string; ariaLabel: string; render?: undefined; } | { key: string; header: string; width: string; sortable: boolean; render: (row: PendingAssessment) => string; ariaLabel: string; filterable?: undefined; filterType?: un...' is not assignable to type 'DataTableColumn<PendingAssessment>[]'.
  Type '{ key: string; header: string; width: string; sortable: boolean; filterable: boolean; filterType: string; ariaLabel: string; render?: undefined; } | { key: string; header: string; width: string; sortable: boolean; render: (row: PendingAssessment) => string; ariaLabel: string; filterable?: undefined; filterType?: und...' is not assignable to type 'DataTableColumn<PendingAssessment>'.
    Type '{ key: string; header: string; width: string; sortable: boolean; filterable: boolean; filterType: string; ariaLabel: string; render?: undefined; }' is not assignable to type 'DataTableColumn<PendingAssessment>'.
      Types of property 'filterType' are incompatible.
        Type 'string' is not assignable to type '"number" | "status" | "select" | "text" | "date"'.
src/pages/underwriter/Policies.tsx(138,21): error TS2322: Type '{ pageSize: number; sortable: boolean; filterable: boolean; refreshInterval: number; onPolicySelect: (policy: Policy) => void; initialFilters: { status?: PolicyStatus[]; dateRange?: { ...; }; search?: string; }; onFilterChange: (newFilters: Partial<...>) => void; }' is not assignable to type 'IntrinsicAttributes & PolicyListProps'.
  Property 'onFilterChange' does not exist on type 'IntrinsicAttributes & PolicyListProps'.
src/pages/underwriter/PolicyManagement.tsx(384,15): error TS2322: Type '({ id: string; label: string; minWidth: number; format?: undefined; } | { id: string; label: string; minWidth: number; format: (value: number) => string; } | { id: string; label: string; minWidth: number; format: (value: Date) => string; } | { ...; })[]' is not assignable to type 'DataTableColumn<Policy>[]'.
  Type '{ id: string; label: string; minWidth: number; format?: undefined; } | { id: string; label: string; minWidth: number; format: (value: number) => string; } | { id: string; label: string; minWidth: number; format: (value: Date) => string; } | { ...; }' is not assignable to type 'DataTableColumn<Policy>'.
    Type '{ id: string; label: string; minWidth: number; format?: undefined; }' is missing the following properties from type 'DataTableColumn<Policy>': key, header
src/pages/underwriter/RiskAssessment.tsx(83,11): error TS2339: Property 'logAudit' does not exist on type '{ logAction: (entry: AuditLogEntry) => void; }'.
src/pages/underwriter/RiskAssessment.tsx(84,11): error TS2339: Property 'maskSensitiveData' does not exist on type '{ mask: (value: string, type: "cpf" | "phone" | "email") => string; maskCPF: (cpf: string) => string; maskEmail: (email: string) => string; maskPhone: (phone: string) => string; }'.
src/pages/underwriter/RiskAssessment.tsx(92,38): error TS2339: Property 'error' does not exist on type '{ questionnaire: Questionnaire; currentQuestion: Question; riskAssessment: RiskAssessment; isLoading: boolean; handleQuestionResponse: (response: QuestionResponse) => Promise<...>; completeAssessment: () => Promise<...>; validateResponse: (response: QuestionResponse, question: Question) => boolean; responses: Map<.....'.
src/pages/underwriter/RiskAssessment.tsx(144,7): error TS2322: Type 'RiskFactor[]' is not assignable to type '{ code: string; severity: number; impact: string; }[]'.
  Property 'impact' is missing in type 'RiskFactor' but required in type '{ code: string; severity: number; impact: string; }'.
src/routes/AuthRoutes.tsx(70,12): error TS2322: Type '{ children: Element; restricted: true; requireMfa: false; requireConsent: false; }' is not assignable to type 'IntrinsicAttributes & PublicRouteProps'.
  Property 'children' does not exist on type 'IntrinsicAttributes & PublicRouteProps'.
src/routes/AuthRoutes.tsx(75,14): error TS2304: Cannot find name 'LoginPage'.
src/routes/AuthRoutes.tsx(84,12): error TS2322: Type '{ children: Element; restricted: true; requireMfa: false; requireConsent: true; }' is not assignable to type 'IntrinsicAttributes & PublicRouteProps'.
  Property 'children' does not exist on type 'IntrinsicAttributes & PublicRouteProps'.
src/routes/AuthRoutes.tsx(89,14): error TS2304: Cannot find name 'RegisterPage'.
src/routes/AuthRoutes.tsx(98,12): error TS2322: Type '{ children: Element; restricted: true; requireMfa: false; requireConsent: false; }' is not assignable to type 'IntrinsicAttributes & PublicRouteProps'.
  Property 'children' does not exist on type 'IntrinsicAttributes & PublicRouteProps'.
src/routes/AuthRoutes.tsx(103,14): error TS2304: Cannot find name 'ResetPasswordPage'.
src/routes/AuthRoutes.tsx(112,12): error TS2322: Type '{ children: Element; restricted: false; requireMfa: true; requireConsent: true; }' is not assignable to type 'IntrinsicAttributes & PublicRouteProps'.
  Property 'children' does not exist on type 'IntrinsicAttributes & PublicRouteProps'.
src/routes/AuthRoutes.tsx(117,14): error TS2304: Cannot find name 'MFAVerificationPage'.
src/routes/AuthRoutes.tsx(126,12): error TS2322: Type '{ children: Element; restricted: false; requireMfa: boolean; requireConsent: true; }' is not assignable to type 'IntrinsicAttributes & PublicRouteProps'.
  Property 'children' does not exist on type 'IntrinsicAttributes & PublicRouteProps'.
src/routes/AuthRoutes.tsx(131,14): error TS2304: Cannot find name 'SecurityCheckPage'.
src/routes/AuthRoutes.tsx(140,12): error TS2322: Type '{ children: Element; restricted: false; requireMfa: false; requireConsent: false; }' is not assignable to type 'IntrinsicAttributes & PublicRouteProps'.
  Property 'children' does not exist on type 'IntrinsicAttributes & PublicRouteProps'.
src/routes/AuthRoutes.tsx(145,14): error TS2304: Cannot find name 'LGPDConsentPage'.
src/routes/BeneficiaryRoutes.tsx(25,41): error TS2307: Cannot find module '../pages/beneficiary/Payment' or its corresponding type declarations.
src/routes/BeneficiaryRoutes.tsx(26,42): error TS2307: Cannot find module '../pages/beneficiary/Coverage' or its corresponding type declarations.
src/routes/BeneficiaryRoutes.tsx(27,44): error TS2307: Cannot find module '../pages/beneficiary/Dependents' or its corresponding type declarations.
src/routes/BeneficiaryRoutes.tsx(84,13): error TS2322: Type 'string[]' is not assignable to type 'UserRole[]'.
  Type 'string' is not assignable to type 'UserRole'.
src/routes/BeneficiaryRoutes.tsx(99,13): error TS2322: Type 'string[]' is not assignable to type 'UserRole[]'.
  Type 'string' is not assignable to type 'UserRole'.
src/routes/BeneficiaryRoutes.tsx(114,13): error TS2322: Type 'string[]' is not assignable to type 'UserRole[]'.
  Type 'string' is not assignable to type 'UserRole'.
src/routes/BeneficiaryRoutes.tsx(129,13): error TS2322: Type 'string[]' is not assignable to type 'UserRole[]'.
  Type 'string' is not assignable to type 'UserRole'.
src/routes/BeneficiaryRoutes.tsx(144,13): error TS2322: Type 'string[]' is not assignable to type 'UserRole[]'.
  Type 'string' is not assignable to type 'UserRole'.
src/routes/BeneficiaryRoutes.tsx(159,13): error TS2322: Type 'string[]' is not assignable to type 'UserRole[]'.
  Type 'string' is not assignable to type 'UserRole'.
src/routes/BeneficiaryRoutes.tsx(174,13): error TS2322: Type 'string[]' is not assignable to type 'UserRole[]'.
  Type 'string' is not assignable to type 'UserRole'.
src/routes/BrokerRoutes.tsx(17,49): error TS2307: Cannot find module '../pages/broker/BrokerDashboard' or its corresponding type declarations.
src/routes/BrokerRoutes.tsx(19,48): error TS2307: Cannot find module '../pages/broker/EnrollmentList' or its corresponding type declarations.
src/routes/BrokerRoutes.tsx(20,51): error TS2307: Cannot find module '../pages/broker/EnrollmentDetails' or its corresponding type declarations.
src/routes/BrokerRoutes.tsx(21,51): error TS2307: Cannot find module '../pages/broker/CommissionReports' or its corresponding type declarations.
src/routes/BrokerRoutes.tsx(22,47): error TS2307: Cannot find module '../pages/broker/BrokerProfile' or its corresponding type declarations.
src/routes/HRRoutes.tsx(21,46): error TS2307: Cannot find module '../pages/hr/EmployeeList' or its corresponding type declarations.
src/routes/HRRoutes.tsx(22,49): error TS2307: Cannot find module '../pages/hr/EmployeeDetails' or its corresponding type declarations.
src/routes/HRRoutes.tsx(25,48): error TS2307: Cannot find module '../pages/hr/CompanyProfile' or its corresponding type declarations.
src/routes/HRRoutes.tsx(26,48): error TS2307: Cannot find module '../pages/hr/PlanManagement' or its corresponding type declarations.
src/routes/HRRoutes.tsx(61,28): error TS2741: Property 'children' is missing in type '{}' but required in type 'MainLayoutProps'.
src/routes/PrivateRoute.tsx(55,5): error TS2339: Property 'refreshToken' does not exist on type 'AuthContextType'.
src/routes/PublicRoute.tsx(49,39): error TS2339: Property 'CONSENT_VERIFICATION' does not exist on type '{ readonly ROOT: "/auth"; readonly LOGIN: "/auth/login"; readonly REGISTER: "/auth/register"; readonly RESET_PASSWORD: "/auth/reset-password"; readonly MFA_SETUP: "/auth/mfa-setup"; readonly MFA_VERIFICATION: "/auth/mfa-verification"; readonly SESSION_EXPIRED: "/auth/session-expired"; readonly LOGOUT: "/auth/logout"...'.
src/routes/PublicRoute.tsx(50,24): error TS2339: Property 'CONSENT_VERIFICATION' does not exist on type '{ readonly ROOT: "/auth"; readonly LOGIN: "/auth/login"; readonly REGISTER: "/auth/register"; readonly RESET_PASSWORD: "/auth/reset-password"; readonly MFA_SETUP: "/auth/mfa-setup"; readonly MFA_VERIFICATION: "/auth/mfa-verification"; readonly SESSION_EXPIRED: "/auth/session-expired"; readonly LOGOUT: "/auth/logout"...'.
src/routes/PublicRoute.tsx(84,42): error TS2363: The right-hand side of an arithmetic operation must be of type 'any', 'number', 'bigint' or an enum type.
src/routes/PublicRoute.tsx(91,22): error TS2339: Property 'mfaVerified' does not exist on type 'SecurityContext'.
src/routes/PublicRoute.tsx(91,45): error TS2339: Property 'consentVerified' does not exist on type 'SecurityContext'.
src/routes/PublicRoute.tsx(93,22): error TS2339: Property 'consentVerified' does not exist on type 'SecurityContext'.
src/routes/PublicRoute.tsx(109,34): error TS2339: Property 'mfaVerified' does not exist on type '{ user: any; isAuthenticated: any; isLoading: any; requiresMFA: any; mfaType: string; sessionExpiry: any; login: (credentials: LoginRequest) => Promise<void>; logout: () => Promise<...>; verifyMFA: (code: string) => Promise<...>; refreshSession: () => Promise<...>; checkSessionValidity: () => boolean; securityContex...'.
src/routes/PublicRoute.tsx(109,47): error TS2339: Property 'consentVerified' does not exist on type '{ user: any; isAuthenticated: any; isLoading: any; requiresMFA: any; mfaType: string; sessionExpiry: any; login: (credentials: LoginRequest) => Promise<void>; logout: () => Promise<...>; verifyMFA: (code: string) => Promise<...>; refreshSession: () => Promise<...>; checkSessionValidity: () => boolean; securityContex...'.
src/routes/UnderwriterRoutes.tsx(50,17): error TS2339: Property 'checkSessionValidity' does not exist on type 'AuthContextType'.
src/routes/UnderwriterRoutes.tsx(91,14): error TS2322: Type '{ children: Element; allowedRoles: UserRole.UNDERWRITER[]; requiresAuth: true; }' is not assignable to type 'IntrinsicAttributes & PrivateRouteProps'.
  Property 'children' does not exist on type 'IntrinsicAttributes & PrivateRouteProps'.
src/routes/UnderwriterRoutes.tsx(104,14): error TS2322: Type '{ children: Element; allowedRoles: UserRole.UNDERWRITER[]; requiresAuth: true; }' is not assignable to type 'IntrinsicAttributes & PrivateRouteProps'.
  Property 'children' does not exist on type 'IntrinsicAttributes & PrivateRouteProps'.
src/routes/UnderwriterRoutes.tsx(117,14): error TS2322: Type '{ children: Element; allowedRoles: UserRole.UNDERWRITER[]; requiresAuth: true; }' is not assignable to type 'IntrinsicAttributes & PrivateRouteProps'.
  Property 'children' does not exist on type 'IntrinsicAttributes & PrivateRouteProps'.
src/routes/index.tsx(105,34): error TS2322: Type '"ADMINISTRATOR"' is not assignable to type 'UserRole'.
src/routes/index.tsx(121,34): error TS2322: Type '"BROKER"' is not assignable to type 'UserRole'.
src/routes/index.tsx(137,34): error TS2322: Type '"BENEFICIARY"' is not assignable to type 'UserRole'.
src/routes/index.tsx(153,34): error TS2322: Type '"HR_PERSONNEL"' is not assignable to type 'UserRole'.
src/routes/index.tsx(169,34): error TS2322: Type '"UNDERWRITER"' is not assignable to type 'UserRole'.
src/routes/index.tsx(185,34): error TS2322: Type '"PARENT_GUARDIAN"' is not assignable to type 'UserRole'.
src/services/api.service.ts(13,37): error TS2307: Cannot find module '@microsoft/applicationinsights-web' or its corresponding type declarations.
src/services/api.service.ts(40,26): error TS2339: Property 'baseURL' does not exist on type 'ApiConfigOptions'.
src/services/api.service.ts(138,57): error TS2345: Argument of type 'unknown' is not assignable to parameter of type 'AxiosResponse<any, any, {}>'.
  Type '{}' is missing the following properties from type 'AxiosResponse<any, any, {}>': data, status, statusText, headers, config
src/services/api.service.ts(165,9): error TS2322: Type '{ 'X-Request-ID': string; 'X-Client-Version': string; Authorization?: AxiosHeaderValue; Accept?: AxiosHeaderValue; "Content-Length"?: AxiosHeaderValue; "User-Agent"?: AxiosHeaderValue; "Content-Encoding"?: AxiosHeaderValue; 'Content-Type'?: ContentType; }' is not assignable to type 'AxiosRequestHeaders'.
  Type '{ 'X-Request-ID': string; 'X-Client-Version': string; Authorization?: AxiosHeaderValue; Accept?: AxiosHeaderValue; "Content-Length"?: AxiosHeaderValue; "User-Agent"?: AxiosHeaderValue; "Content-Encoding"?: AxiosHeaderValue; 'Content-Type'?: ContentType; }' is missing the following properties from type 'AxiosHeaders': set, get, has, delete, and 24 more.
src/services/api.service.ts(205,7): error TS2353: Object literal may only specify known properties, and 'method' does not exist in type 'ApiRequestConfig'.
src/services/auth.service.ts(26,3): error TS2305: Module '"../utils/storage.utils"' has no exported member 'validateStorageIntegrity'.
src/services/auth.service.ts(94,7): error TS2322: Type 'number' is not assignable to type 'Date'.
src/services/auth.service.ts(168,7): error TS2739: Type 'Error' is missing the following properties from type 'AuthError': code, timestamp, requestId
src/services/auth.service.ts(201,37): error TS2339: Property 'sessionToken' does not exist on type 'unknown'.
src/services/auth.service.ts(238,7): error TS2739: Type 'Error' is missing the following properties from type 'AuthError': code, timestamp, requestId
src/services/auth.service.ts(321,33): error TS2345: Argument of type '{ email: string; }' is not assignable to parameter of type 'string'.
src/services/document.service.ts(20,8): error TS2613: Module '"/home/user/onboarding-portal-v3-hrqnmc/src/web/src/services/api.service"' has no default export. Did you mean to use 'import { ApiService } from "/home/user/onboarding-portal-v3-hrqnmc/src/web/src/services/api.service"' instead?
src/services/enrollment.service.ts(164,7): error TS2740: Type 'ApiResponse<EnrollmentSummary[]>' is missing the following properties from type 'PaginatedResponse<EnrollmentSummary>': total, page, pageSize, totalPages, and 2 more.
src/services/enrollment.service.ts(205,9): error TS2862: Type 'T' is generic and can only be indexed for reading.
src/services/enrollment.service.ts(222,9): error TS2862: Type 'T' is generic and can only be indexed for reading.
src/services/enrollment.service.ts(246,7): error TS2345: Argument of type '{ params: { userRole: string; }; }' is not assignable to parameter of type 'ApiRequestConfig'.
  Type '{ params: { userRole: string; }; }' is missing the following properties from type 'ApiRequestConfig': headers, timeout, retryConfig, securityHeaders, validateStatus
src/services/health.service.ts(27,10): error TS2305: Module '"axios-retry"' has no exported member 'retry'.
src/services/health.service.ts(125,7): error TS2740: Type '{}' is missing the following properties from type 'Questionnaire': id, enrollmentId, questions, responses, and 4 more.
src/services/health.service.ts(220,67): error TS2339: Property 'data' does not exist on type 'unknown'.
src/services/policy.service.ts(51,33): error TS2339: Property 'BASE' does not exist on type '{ readonly CREATE: "/policies/create"; readonly UPDATE: "/policies/:id"; readonly STATUS: "/policies/:id/status"; readonly COVERAGE: "/policies/:id/coverage"; readonly CLAIMS: "/policies/:id/claims"; }'.
src/services/policy.service.ts(71,33): error TS2339: Property 'BASE' does not exist on type '{ readonly CREATE: "/policies/create"; readonly UPDATE: "/policies/:id"; readonly STATUS: "/policies/:id/status"; readonly COVERAGE: "/policies/:id/coverage"; readonly CLAIMS: "/policies/:id/claims"; }'.
src/services/policy.service.ts(174,33): error TS2339: Property 'BASE' does not exist on type '{ readonly CREATE: "/policies/create"; readonly UPDATE: "/policies/:id"; readonly STATUS: "/policies/:id/status"; readonly COVERAGE: "/policies/:id/coverage"; readonly CLAIMS: "/policies/:id/claims"; }'.
src/services/policy.service.ts(253,32): error TS2576: Property 'handle' does not exist on type 'ErrorHandler'. Did you mean to access the static member 'ErrorHandler.handle' instead?
src/utils/api.utils.ts(78,5): error TS2322: Type '{ 'X-Request-Id': `${string}-${string}-${string}-${string}-${string}`; 'X-Data-Protection': string; 'X-Data-Processing-Purpose': string; 'X-Data-Retention-Period': string; Authorization?: AxiosHeaderValue; ... 4 more ...; 'Content-Type'?: ContentType; }' is not assignable to type 'AxiosRequestHeaders'.
  Type '{ 'X-Request-Id': `${string}-${string}-${string}-${string}-${string}`; 'X-Data-Protection': string; 'X-Data-Processing-Purpose': string; 'X-Data-Retention-Period': string; Authorization?: AxiosHeaderValue; ... 4 more ...; 'Content-Type'?: ContentType; }' is missing the following properties from type 'AxiosHeaders': set, get, has, delete, and 24 more.
src/utils/validation.utils.ts(116,54): error TS2345: Argument of type 'string' is not assignable to parameter of type '"00000000000" | "11111111111" | "22222222222" | "33333333333" | "44444444444" | "55555555555" | "66666666666" | "77777777777" | "88888888888" | "99999999999"'.
src/utils/validation.utils.ts(189,55): error TS2345: Argument of type 'string' is not assignable to parameter of type '"AC" | "AL" | "AP" | "AM" | "BA" | "CE" | "DF" | "ES" | "GO" | "MA" | "MT" | "MS" | "MG" | "PA" | "PB" | "PR" | "PE" | "PI" | "RJ" | "RN" | "RS" | "RO" | "RR" | "SC" | "SP" | "SE" | "TO"'.
src/vite.config.ts(28,7): error TS2322: Type 'boolean' is not assignable to type '[string, Record<string, any>][]'.
